2026-01-04 15:40:28.575 [info] Reading sessions from keychain...
2026-01-04 15:40:28.575 [info] Getting sessions for all scopes...
2026-01-04 15:40:28.575 [info] Got 0 sessions for ...
2026-01-04 15:40:28.575 [info] Getting sessions for all scopes...
2026-01-04 15:40:28.575 [info] Got 0 sessions for ...
2026-01-04 15:40:28.575 [info] Getting sessions for all scopes...
2026-01-04 15:40:28.575 [info] Got 0 sessions for ...
2026-01-04 15:40:28.575 [info] Getting sessions for all scopes...
2026-01-04 15:40:28.575 [info] Got 0 sessions for ...
2026-01-04 15:40:28.575 [info] Getting sessions for all scopes...
2026-01-04 15:40:28.575 [info] Got 0 sessions for ...
2026-01-04 15:40:28.575 [info] Getting sessions for all scopes...
2026-01-04 15:40:28.575 [info] Got 0 sessions for ...
2026-01-04 15:40:28.575 [info] Getting sessions for all scopes...
2026-01-04 15:40:28.575 [info] Got 0 sessions for ...
2026-01-04 15:40:28.575 [info] Getting sessions for all scopes...
2026-01-04 15:40:28.575 [info] Got 0 sessions for ...
2026-01-04 15:40:28.575 [info] Getting sessions for all scopes...
2026-01-04 15:40:28.575 [info] Got 0 sessions for ...
2026-01-04 15:40:28.583 [info] Getting sessions for all scopes...
2026-01-04 15:40:28.583 [info] Got 0 sessions for ...
2026-01-04 15:40:28.583 [info] Getting sessions for all scopes...
2026-01-04 15:40:28.583 [info] Got 0 sessions for ...
2026-01-04 15:40:28.583 [info] Getting sessions for all scopes...
2026-01-04 15:40:28.583 [info] Got 0 sessions for ...
2026-01-04 15:40:28.584 [info] Getting sessions for all scopes...
2026-01-04 15:40:28.584 [info] Got 0 sessions for ...
2026-01-04 15:40:28.584 [info] Getting sessions for all scopes...
2026-01-04 15:40:28.584 [info] Got 0 sessions for ...
2026-01-04 15:40:28.584 [info] Getting sessions for all scopes...
2026-01-04 15:40:28.584 [info] Got 0 sessions for ...
2026-01-04 15:40:30.651 [info] Getting sessions for all scopes...
2026-01-04 15:40:30.651 [info] Got 0 sessions for ...
2026-01-04 15:40:31.902 [info] Getting sessions for read:user,repo,user:email,workflow...
2026-01-04 15:40:31.902 [info] Got 0 sessions for read:user,repo,user:email,workflow...
