ReadyRc files read:
  NONE
Latexmk: This is Latexmk, John Collins, 27 Dec. 2024. Version 4.86a.
Latexmk: applying rule 'pdflatex'...
Rule 'pdflatex':  Reasons for rerun
Changed files or newly in use/created:
  /home/kanak/kanak-personal/writing/manuscript_NIST_2025_PBF-LB_M/main.tex
  /var/lib/texmf/fonts/map/pdftex/updmap/pdftex.map
  /var/lib/texmf/web2c/pdftex/pdflatex.fmt
Category 'changed_user':
  /home/kanak/kanak-personal/writing/manuscript_NIST_2025_PBF-LB_M/main.tex
  /var/lib/texmf/fonts/map/pdftex/updmap/pdftex.map
  /var/lib/texmf/web2c/pdftex/pdflatex.fmt

------------
Run number 1 of rule 'pdflatex'
------------
------------
Running 'pdflatex  -synctex=1 -interaction=nonstopmode -file-line-error -recorder -output-directory="build"  "/home/kanak/kanak-personal/writing/manuscript_NIST_2025_PBF-LB_M/main.tex"'
------------
This is pdfTeX, Version 3.141592653-2.6-1.40.27 (TeX Live 2026/dev/Arch Linux) (preloaded format=pdflatex)
 restricted \write18 enabled.
entering extended mode
(/home/kanak/kanak-personal/writing/manuscript_NIST_2025_PBF-LB_M/main.tex
LaTeX2e <2024-11-01> patch level 2
L3 programming layer <2025-01-18>
(./elsarticle.cls
Document Class: elsarticle 2025/01/11, 3.4c: Elsevier Ltd
(/usr/share/texmf-dist/tex/latex/base/fontenc.sty) (/usr/share/texmf-dist/tex/latex/l3kernel/expl3.sty (/usr/share/texmf-dist/tex/latex/l3backend/l3backend-pdftex.def)) (/usr/share/texmf-dist/tex/latex/l3packages/xparse/xparse.sty) (/usr/share/texmf-dist/tex/latex/etoolbox/etoolbox.sty) (/usr/share/texmf-dist/tex/latex/base/article.cls
Document Class: article 2024/06/29 v1.4n Standard LaTeX document class
(/usr/share/texmf-dist/tex/latex/base/size12.clo)) (/usr/share/texmf-dist/tex/latex/graphics/graphicx.sty (/usr/share/texmf-dist/tex/latex/graphics/keyval.sty) (/usr/share/texmf-dist/tex/latex/graphics/graphics.sty (/usr/share/texmf-dist/tex/latex/graphics/trig.sty) (/usr/share/texmf-dist/tex/latex/graphics-cfg/graphics.cfg) (/usr/share/texmf-dist/tex/latex/graphics-def/pdftex.def))) (build/main.spl) (/usr/share/texmf-dist/tex/latex/natbib/natbib.sty)) (/usr/share/texmf-dist/tex/latex/amsfonts/amssymb.sty (/usr/share/texmf-dist/tex/latex/amsfonts/amsfonts.sty)) (/usr/share/texmf-dist/tex/latex/amsmath/amsmath.sty
For additional information on amsmath, use the `?' option.
(/usr/share/texmf-dist/tex/latex/amsmath/amstext.sty (/usr/share/texmf-dist/tex/latex/amsmath/amsgen.sty)) (/usr/share/texmf-dist/tex/latex/amsmath/amsbsy.sty) (/usr/share/texmf-dist/tex/latex/amsmath/amsopn.sty)) (/usr/share/texmf-dist/tex/latex/psnfss/times.sty) (/usr/share/texmf-dist/tex/latex/preprint/balance.sty) (/usr/share/texmf-dist/tex/latex/tools/array.sty) (/usr/share/texmf-dist/tex/generic/babel/babel.sty (/usr/share/texmf-dist/tex/generic/babel/txtbabel.def) (/usr/share/texmf-dist/tex/generic/babel-english/english.ldf)) (/usr/share/texmf-dist/tex/generic/babel/locale/en/babel-english.tex) (/usr/share/texmf-dist/tex/latex/caption/caption.sty (/usr/share/texmf-dist/tex/latex/caption/caption3.sty (/usr/share/texmf-dist/tex/latex/caption/caption-elsarticle.sto))) (/usr/share/texmf-dist/tex/latex/psnfss/charter.sty) (/usr/share/texmf-dist/tex/latex/colortbl/colortbl.sty (/usr/share/texmf-dist/tex/latex/graphics/color.sty (/usr/share/texmf-dist/tex/latex/graphics-cfg/color.cfg) (/usr/share/texmf-dist/tex/latex/graphics/mathcolor.ltx))) (/usr/share/texmf-dist/tex/generic/soul/soul.sty (/usr/share/texmf-dist/tex/generic/soul/soul-ori.sty) (/usr/share/texmf-dist/tex/generic/infwarerr/infwarerr.sty) (/usr/share/texmf-dist/tex/generic/etexcmds/etexcmds.sty (/usr/share/texmf-dist/tex/generic/iftex/iftex.sty))) (/usr/share/texmf-dist/tex/latex/droid/droidsans.sty (/usr/share/texmf-dist/tex/generic/iftex/ifluatex.sty) (/usr/share/texmf-dist/tex/generic/iftex/ifxetex.sty) (/usr/share/texmf-dist/tex/latex/xkeyval/xkeyval.sty (/usr/share/texmf-dist/tex/generic/xkeyval/xkeyval.tex (/usr/share/texmf-dist/tex/generic/xkeyval/xkvutils.tex)))) (/usr/share/texmf-dist/tex/latex/epstopdf-pkg/epstopdf.sty (/usr/share/texmf-dist/tex/latex/grfext/grfext.sty (/usr/share/texmf-dist/tex/generic/kvdefinekeys/kvdefinekeys.sty)) (/usr/share/texmf-dist/tex/latex/kvoptions/kvoptions.sty (/usr/share/texmf-dist/tex/generic/ltxcmds/ltxcmds.sty) (/usr/share/texmf-dist/tex/latex/kvsetkeys/kvsetkeys.sty)) (/usr/share/texmf-dist/tex/generic/pdftexcmds/pdftexcmds.sty) (/usr/share/texmf-dist/tex/latex/epstopdf-pkg/epstopdf-base.sty (/usr/share/texmf-dist/tex/latex/latexconfig/epstopdf-sys.cfg))) (/usr/share/texmf-dist/tex/latex/extsizes/extsizes.sty

Package ExtSizes Warning: It is better to use one of the extsizes classes,
 if you can.

(/usr/share/texmf-dist/tex/latex/base/size12.clo)) (/usr/share/texmf-dist/tex/latex/fancyhdr/fancyhdr.sty) (/usr/share/texmf-dist/tex/latex/float/float.sty) (/usr/share/texmf-dist/tex/latex/yafoot/fnpos.sty) (/usr/share/texmf-dist/tex/latex/base/fontenc.sty (/usr/share/texmf-dist/tex/latex/psnfss/t1bch.fd)) (/usr/share/texmf-dist/tex/latex/geometry/geometry.sty (/usr/share/texmf-dist/tex/generic/iftex/ifvtex.sty)) (/usr/share/texmf-dist/tex/latex/hyperref/hyperref.sty (/usr/share/texmf-dist/tex/generic/pdfescape/pdfescape.sty) (/usr/share/texmf-dist/tex/latex/hycolor/hycolor.sty) (/usr/share/texmf-dist/tex/latex/hyperref/nameref.sty (/usr/share/texmf-dist/tex/latex/refcount/refcount.sty) (/usr/share/texmf-dist/tex/generic/gettitlestring/gettitlestring.sty)) (/usr/share/texmf-dist/tex/generic/stringenc/stringenc.sty) (/usr/share/texmf-dist/tex/latex/hyperref/pd1enc.def) (/usr/share/texmf-dist/tex/generic/intcalc/intcalc.sty) (/usr/share/texmf-dist/tex/latex/hyperref/puenc.def) (/usr/share/texmf-dist/tex/latex/url/url.sty) (/usr/share/texmf-dist/tex/generic/bitset/bitset.sty (/usr/share/texmf-dist/tex/generic/bigintcalc/bigintcalc.sty)) (/usr/share/texmf-dist/tex/latex/base/atbegshi-ltx.sty)) (/usr/share/texmf-dist/tex/latex/hyperref/hpdftex.def (/usr/share/texmf-dist/tex/latex/base/atveryend-ltx.sty) (/usr/share/texmf-dist/tex/latex/rerunfilecheck/rerunfilecheck.sty (/usr/share/texmf-dist/tex/generic/uniquecounter/uniquecounter.sty))) (/usr/share/texmf-dist/tex/latex/lastpage/lastpage.sty (/usr/share/texmf-dist/tex/latex/lastpage/lastpage2e.sty (/usr/share/texmf-dist/tex/latex/lastpage/lastpagemodern.sty) 
)) (/usr/share/texmf-dist/tex/latex/makecell/makecell.sty) (/usr/share/texmf-dist/tex/latex/multirow/multirow.sty) (/usr/share/texmf-dist/tex/latex/psnfss/mathptmx.sty) (/usr/share/texmf-dist/tex/latex/overpic/overpic.sty (/usr/share/texmf-dist/tex/latex/eepic/epic.sty
Enhancements to Picture Environment. Version 1.2 - Released June 1, 1986
)) (/usr/share/texmf-dist/tex/latex/sectsty/sectsty.sty

LaTeX Warning: Command \underbar  has changed.
               Check if current package is valid.


LaTeX Warning: Command \underline  has changed.
               Check if current package is valid.

) (/usr/share/texmf-dist/tex/latex/setspace/setspace.sty) (/usr/share/texmf-dist/tex/latex/caption/subcaption.sty) (/usr/share/texmf-dist/tex/latex/tools/tabularx.sty) (/usr/share/texmf-dist/tex/latex/titlesec/titlesec.sty) (/usr/share/texmf-dist/tex/latex/xcolor/xcolor.sty (/usr/share/texmf-dist/tex/latex/graphics-cfg/color.cfg)

Package xcolor Warning: Package option `usenames' is obsolete and ignored on input line 265.

(/usr/share/texmf-dist/tex/latex/graphics/mathcolor.ltx)) (/usr/share/texmf-dist/tex/latex/graphics/dvipsnam.def) (/usr/share/texmf-dist/tex/latex/todonotes/todonotes.sty (/usr/share/texmf-dist/tex/latex/base/ifthen.sty) (/usr/share/texmf-dist/tex/latex/pgf/frontendlayer/tikz.sty (/usr/share/texmf-dist/tex/latex/pgf/basiclayer/pgf.sty (/usr/share/texmf-dist/tex/latex/pgf/utilities/pgfrcs.sty (/usr/share/texmf-dist/tex/generic/pgf/utilities/pgfutil-common.tex) (/usr/share/texmf-dist/tex/generic/pgf/utilities/pgfutil-latex.def) (/usr/share/texmf-dist/tex/generic/pgf/utilities/pgfrcs.code.tex (/usr/share/texmf-dist/tex/generic/pgf/pgf.revision.tex))) (/usr/share/texmf-dist/tex/latex/pgf/basiclayer/pgfcore.sty (/usr/share/texmf-dist/tex/latex/pgf/systemlayer/pgfsys.sty (/usr/share/texmf-dist/tex/generic/pgf/systemlayer/pgfsys.code.tex (/usr/share/texmf-dist/tex/generic/pgf/utilities/pgfkeys.code.tex (/usr/share/texmf-dist/tex/generic/pgf/utilities/pgfkeyslibraryfiltered.code.tex)) (/usr/share/texmf-dist/tex/generic/pgf/systemlayer/pgf.cfg) (/usr/share/texmf-dist/tex/generic/pgf/systemlayer/pgfsys-pdftex.def (/usr/share/texmf-dist/tex/generic/pgf/systemlayer/pgfsys-common-pdf.def))) (/usr/share/texmf-dist/tex/generic/pgf/systemlayer/pgfsyssoftpath.code.tex) (/usr/share/texmf-dist/tex/generic/pgf/systemlayer/pgfsysprotocol.code.tex)) (/usr/share/texmf-dist/tex/generic/pgf/basiclayer/pgfcore.code.tex (/usr/share/texmf-dist/tex/generic/pgf/math/pgfmath.code.tex (/usr/share/texmf-dist/tex/generic/pgf/math/pgfmathutil.code.tex) (/usr/share/texmf-dist/tex/generic/pgf/math/pgfmathparser.code.tex) (/usr/share/texmf-dist/tex/generic/pgf/math/pgfmathfunctions.code.tex) (/usr/share/texmf-dist/tex/generic/pgf/math/pgfmathfunctions.basic.code.tex) (/usr/share/texmf-dist/tex/generic/pgf/math/pgfmathfunctions.trigonometric.code.tex) (/usr/share/texmf-dist/tex/generic/pgf/math/pgfmathfunctions.random.code.tex) (/usr/share/texmf-dist/tex/generic/pgf/math/pgfmathfunctions.comparison.code.tex) (/usr/share/texmf-dist/tex/generic/pgf/math/pgfmathfunctions.base.code.tex) (/usr/share/texmf-dist/tex/generic/pgf/math/pgfmathfunctions.round.code.tex) (/usr/share/texmf-dist/tex/generic/pgf/math/pgfmathfunctions.misc.code.tex) (/usr/share/texmf-dist/tex/generic/pgf/math/pgfmathfunctions.integerarithmetics.code.tex) (/usr/share/texmf-dist/tex/generic/pgf/math/pgfmathcalc.code.tex) (/usr/share/texmf-dist/tex/generic/pgf/math/pgfmathfloat.code.tex)) (/usr/share/texmf-dist/tex/generic/pgf/math/pgfint.code.tex) (/usr/share/texmf-dist/tex/generic/pgf/basiclayer/pgfcorepoints.code.tex) (/usr/share/texmf-dist/tex/generic/pgf/basiclayer/pgfcorepathconstruct.code.tex) (/usr/share/texmf-dist/tex/generic/pgf/basiclayer/pgfcorepathusage.code.tex) (/usr/share/texmf-dist/tex/generic/pgf/basiclayer/pgfcorescopes.code.tex) (/usr/share/texmf-dist/tex/generic/pgf/basiclayer/pgfcoregraphicstate.code.tex) (/usr/share/texmf-dist/tex/generic/pgf/basiclayer/pgfcoretransformations.code.tex) (/usr/share/texmf-dist/tex/generic/pgf/basiclayer/pgfcorequick.code.tex) (/usr/share/texmf-dist/tex/generic/pgf/basiclayer/pgfcoreobjects.code.tex) (/usr/share/texmf-dist/tex/generic/pgf/basiclayer/pgfcorepathprocessing.code.tex) (/usr/share/texmf-dist/tex/generic/pgf/basiclayer/pgfcorearrows.code.tex) (/usr/share/texmf-dist/tex/generic/pgf/basiclayer/pgfcoreshade.code.tex) (/usr/share/texmf-dist/tex/generic/pgf/basiclayer/pgfcoreimage.code.tex) (/usr/share/texmf-dist/tex/generic/pgf/basiclayer/pgfcoreexternal.code.tex) (/usr/share/texmf-dist/tex/generic/pgf/basiclayer/pgfcorelayers.code.tex) (/usr/share/texmf-dist/tex/generic/pgf/basiclayer/pgfcoretransparency.code.tex) (/usr/share/texmf-dist/tex/generic/pgf/basiclayer/pgfcorepatterns.code.tex) (/usr/share/texmf-dist/tex/generic/pgf/basiclayer/pgfcorerdf.code.tex))) (/usr/share/texmf-dist/tex/generic/pgf/modules/pgfmoduleshapes.code.tex) (/usr/share/texmf-dist/tex/generic/pgf/modules/pgfmoduleplot.code.tex) (/usr/share/texmf-dist/tex/latex/pgf/compatibility/pgfcomp-version-0-65.sty) (/usr/share/texmf-dist/tex/latex/pgf/compatibility/pgfcomp-version-1-18.sty)) (/usr/share/texmf-dist/tex/latex/pgf/utilities/pgffor.sty (/usr/share/texmf-dist/tex/latex/pgf/utilities/pgfkeys.sty (/usr/share/texmf-dist/tex/generic/pgf/utilities/pgfkeys.code.tex)) (/usr/share/texmf-dist/tex/latex/pgf/math/pgfmath.sty (/usr/share/texmf-dist/tex/generic/pgf/math/pgfmath.code.tex)) (/usr/share/texmf-dist/tex/generic/pgf/utilities/pgffor.code.tex)) (/usr/share/texmf-dist/tex/generic/pgf/frontendlayer/tikz/tikz.code.tex (/usr/share/texmf-dist/tex/generic/pgf/libraries/pgflibraryplothandlers.code.tex) (/usr/share/texmf-dist/tex/generic/pgf/modules/pgfmodulematrix.code.tex) (/usr/share/texmf-dist/tex/generic/pgf/frontendlayer/tikz/libraries/tikzlibrarytopaths.code.tex))) (/usr/share/texmf-dist/tex/generic/pgf/frontendlayer/tikz/libraries/tikzlibrarypositioning.code.tex) (/usr/share/texmf-dist/tex/latex/tools/calc.sty)) (/usr/share/texmf-dist/tex/latex/booktabs/booktabs.sty) (/usr/share/texmf-dist/tex/latex/adjustbox/adjustbox.sty (/usr/share/texmf-dist/tex/latex/adjustbox/adjcalc.sty) (/usr/share/texmf-dist/tex/latex/adjustbox/trimclip.sty (/usr/share/texmf-dist/tex/latex/collectbox/collectbox.sty) (/usr/share/texmf-dist/tex/latex/adjustbox/tc-pdftex.def)) (/usr/share/texmf-dist/tex/latex/ifoddpage/ifoddpage.sty) (/usr/share/texmf-dist/tex/latex/varwidth/varwidth.sty)) (/usr/share/texmf-dist/tex/latex/psnfss/t1ptm.fd) (build/main.aux) (/usr/share/texmf-dist/tex/context/base/mkii/supp-pdf.mkii
[Loading MPS to PDF converter (version 2006.09.02).]
)
*geometry* driver: auto-detecting
*geometry* detected driver: pdftex
(build/main.out) (build/main.out)

Package todonotes Warning: The length marginparwidth is less than 2cm and will most likely cause issues with the appearance of inserted todonotes. The issue can be solved by adding a line like \setlength {\marginparwidth }{2cm} prior to loading the todonotes package. on input line 117.

(/usr/share/texmf-dist/tex/latex/psnfss/ts1ptm.fd)

Package hyperref Warning: Token not allowed in a PDF string (Unicode):
(hyperref)                removing `\<def>-command' on input line 222.


Package hyperref Warning: Token not allowed in a PDF string (Unicode):
(hyperref)                removing `\cnotenum' on input line 222.


Package hyperref Warning: Token not allowed in a PDF string (Unicode):
(hyperref)                removing `\<def>-command' on input line 222.


Package hyperref Warning: Token not allowed in a PDF string (Unicode):
(hyperref)                removing `\@corref' on input line 222.


Package hyperref Warning: Token not allowed in a PDF string (Unicode):
(hyperref)                removing `\<def>-command' on input line 222.


Package hyperref Warning: Token not allowed in a PDF string (Unicode):
(hyperref)                removing `\cnotenum' on input line 222.


Package hyperref Warning: Token not allowed in a PDF string (Unicode):
(hyperref)                removing `\<def>-command' on input line 222.


Package hyperref Warning: Token not allowed in a PDF string (Unicode):
(hyperref)                removing `\@corref' on input line 222.

[1{/var/lib/texmf/fonts/map/pdftex/updmap/pdftex.map}{/usr/share/texmf-dist/fonts/enc/dvips/base/8r.enc}]
[2] (/usr/share/texmf-dist/tex/latex/psnfss/ot1ztmcm.fd) (/usr/share/texmf-dist/tex/latex/psnfss/omlztmcm.fd) (/usr/share/texmf-dist/tex/latex/psnfss/omsztmcm.fd) (/usr/share/texmf-dist/tex/latex/psnfss/omxztmcm.fd) (/usr/share/texmf-dist/tex/latex/psnfss/ot1ptm.fd) (./sections/intro.tex

pdfTeX warning (ext4): destination with the same identifier (name{page.1}) has been already used, duplicate ignored
<to be read again> 
                   \relax 
l.9 
     [1]

pdfTeX warning (ext4): destination with the same identifier (name{page.2}) has been already used, duplicate ignored
<to be read again> 
                   \relax 
l.37 
      [2]
[3 <./figures/schematic_2.pdf> <./figures/schematic_1.pdf

pdfTeX warning: pdflatex (file ./figures/schematic_1.pdf): PDF inclusion: multiple pdfs with page group included in a single page
>]
[4]) (./sections/methodology.tex
[5]
[6]
[7]
[8]
[9]
[10]
[11]) (./sections/validation.tex
[12 <./figures/model_validation.pdf>]

LaTeX Warning: Reference `fig:model validation' on page 13 undefined on input line 22.

) (./sections/results.tex
[13]
[14 <./figures/nist_result_extrapolated.pdf>]
[15 <./figures/meltpool.pdf>]

LaTeX Warning: `!h' float specifier changed to `!ht'.


[16]) (./sections/conslusion.tex
[17 <./figures/exp fit.pdf>])
[18] (build/main.bbl (/usr/share/texmf-dist/tex/latex/psnfss/t1pcr.fd)
Overfull \hbox (163.82845pt too wide) in paragraph at lines 32--34
[][]$\T1/pcr/m/n/12 https : / / www . nist . gov / document / am-[]bench-[]amb2025-[]06-[]and-[]07-[]measurements-[]and-[]challenge-[]problems$[][] 

[19]
Underfull \hbox (badness 10000) in paragraph at lines 59--60
[][]$\T1/pcr/m/n/12 https : / / academic . oup . com / mnras / article-[]lookup / doi / 10 . 1093 / mnras / 181 .

[20]
Underfull \hbox (badness 10000) in paragraph at lines 71--73
[][]$\T1/pcr/m/n/12 https : / / www . researchgate . net / publication / 280765586 _ LIGGGHTS-[]open _

Underfull \hbox (badness 10000) in paragraph at lines 71--73
\T1/pcr/m/n/12 source _ discrete _ element _ simulations _ of _ granular _ materials _ based _ on _

[21]
Underfull \hbox (badness 10000) in paragraph at lines 87--88
[][]$\T1/pcr/m/n/12 https : / / www . cambridge . org / core / product / identifier / S0022112076000335 /
)
[22] 
enddocument/afterlastpage (AED): lastpage setting LastPage.
(build/main.aux)

LaTeX Warning: There were undefined references.

 )
(see the transcript file for additional information)</usr/share/texmf-dist/fonts/type1/public/amsfonts/cm/cmex10.pfb></usr/share/texmf-dist/fonts/type1/public/amsfonts/cm/cmmi10.pfb></usr/share/texmf-dist/fonts/type1/public/amsfonts/cm/cmr10.pfb></usr/share/texmf-dist/fonts/type1/public/amsfonts/cm/cmsy10.pfb></usr/share/texmf-dist/fonts/type1/urw/courier/ucrr8a.pfb></usr/share/texmf-dist/fonts/type1/urw/symbol/usyr.pfb></usr/share/texmf-dist/fonts/type1/urw/symbol/usyr.pfb></usr/share/texmf-dist/fonts/type1/urw/times/utmb8a.pfb></usr/share/texmf-dist/fonts/type1/urw/times/utmr8a.pfb></usr/share/texmf-dist/fonts/type1/urw/times/utmri8a.pfb>
Output written on build/main.pdf (24 pages, 5448860 bytes).
SyncTeX written on build/main.synctex.gz.
Transcript written on build/main.log.
Latexmk: Getting log file 'build/main.log'
Latexmk: Examining 'build/main.fls'
Latexmk: Examining 'build/main.log'
Latexmk: Found input bbl file 'build/main.bbl'
Latexmk: Log file says output to 'build/main.pdf'
Latexmk: Found bibliography file(s):
  ./reference.bib
Latexmk: Summary of warnings from last run of *latex:
  Latex failed to resolve 1 reference(s)
Latexmk: All targets (build/main.pdf) are up-to-date
Latexmk: ====Undefined refs and citations with line #s in .tex file:
  Reference `fig:model validation' on page 13 undefined on input line 22

